2023-11-17 11:30:44,883 - DataQualityChecks - INFO - Checked missing values in trades:
price     0
volume    0
dtype: int64
2023-11-17 11:30:44,890 - DataQualityChecks - INFO - Checked duplicate rows in trades: 62083
2023-11-17 11:30:44,891 - DataQualityChecks - INFO - Checked data types in trades:
price     float64
volume    float64
dtype: object
2023-11-17 11:30:44,906 - DataQualityChecks - INFO - Checked outliers in trades:
              price         volume
count  66272.000000   66272.000000
mean     181.177415     647.091064
std        2.906421    3338.088817
min      172.800000       1.000000
25%      179.800000     100.000000
50%      182.300000     200.000000
75%      183.050000     400.000000
max      185.000000  213000.000000
2023-11-17 11:30:44,967 - DataQualityChecks - INFO - Checked negative values in columns Index(['price', 'volume'], dtype='object') of trades:
price     0
volume    0
dtype: int64
2023-11-17 11:30:44,971 - DataQualityChecks - INFO - Checked non-unique timestamps in trades: 35972
2023-11-17 11:30:44,974 - DataQualityChecks - INFO - Checked missing values in quotes:
bid_price    0
ask_price    0
bid_size     0
ask_size     0
dtype: int64
2023-11-17 11:30:45,000 - DataQualityChecks - INFO - Checked duplicate rows in quotes: 14742
2023-11-17 11:30:45,001 - DataQualityChecks - INFO - Checked data types in quotes:
bid_price    float64
ask_price    float64
bid_size     float64
ask_size     float64
dtype: object
2023-11-17 11:30:45,040 - DataQualityChecks - INFO - Checked outliers in quotes:
           bid_price      ask_price      bid_size      ask_size
count  123984.000000  123984.000000  1.239840e+05  1.239840e+05
mean      180.972118     181.101853  6.735354e+04  7.338111e+04
std         3.046862       3.030103  6.205631e+05  6.379921e+05
min       161.000000     164.500000  1.000000e+02  1.000000e+02
25%       179.600000     179.700000  3.400000e+03  4.500000e+03
50%       182.200000     182.300000  8.100000e+03  1.050000e+04
75%       183.000000     183.100000  1.550000e+04  1.920000e+04
max       184.800000     184.900000  9.271000e+06  8.922700e+06
2023-11-17 11:30:45,057 - DataQualityChecks - INFO - Checked negative values in columns Index(['bid_price', 'ask_price', 'bid_size', 'ask_size'], dtype='object') of quotes:
bid_price    0
ask_price    0
bid_size     0
ask_size     0
dtype: int64
2023-11-17 11:30:45,063 - DataQualityChecks - INFO - Checked non-unique timestamps in quotes: 30569
2023-11-17 11:30:45,070 - DataQualityChecks - INFO - Wrote results of trades checks to file: trade_checks.txt
2023-11-17 11:30:45,078 - DataQualityChecks - INFO - Wrote results of quotes checks to file: quotes_check.txt
2023-11-17 11:56:34,355 - DataQualityChecks - INFO - Checked missing values in trades:
price     0
volume    0
dtype: int64
2023-11-17 11:56:34,371 - DataQualityChecks - INFO - Checked duplicate rows in trades: 17262
2023-11-17 11:56:34,373 - DataQualityChecks - INFO - Checked data types in trades:
price     float64
volume    float64
dtype: object
2023-11-17 11:56:34,389 - DataQualityChecks - INFO - Checked outliers in trades:
              price         volume
count  66272.000000   66272.000000
mean     181.177415     647.091064
std        2.906421    3338.088817
min      172.800000       1.000000
25%      179.800000     100.000000
50%      182.300000     200.000000
75%      183.050000     400.000000
max      185.000000  213000.000000
2023-11-17 11:56:34,440 - DataQualityChecks - INFO - Checked negative values in columns Index(['price', 'volume'], dtype='object') of trades:
price     0
volume    0
dtype: int64
2023-11-17 11:56:34,445 - DataQualityChecks - INFO - Checked non-unique timestamps in trades: 35972
2023-11-17 11:56:34,447 - DataQualityChecks - INFO - Checked missing values in quotes:
bid_price    0
ask_price    0
bid_size     0
ask_size     0
dtype: int64
2023-11-17 11:56:34,498 - DataQualityChecks - INFO - Checked duplicate rows in quotes: 762
2023-11-17 11:56:34,499 - DataQualityChecks - INFO - Checked data types in quotes:
bid_price    float64
ask_price    float64
bid_size     float64
ask_size     float64
dtype: object
2023-11-17 11:56:34,546 - DataQualityChecks - INFO - Checked outliers in quotes:
           bid_price      ask_price      bid_size      ask_size
count  123984.000000  123984.000000  1.239840e+05  1.239840e+05
mean      180.972118     181.101853  6.735354e+04  7.338111e+04
std         3.046862       3.030103  6.205631e+05  6.379921e+05
min       161.000000     164.500000  1.000000e+02  1.000000e+02
25%       179.600000     179.700000  3.400000e+03  4.500000e+03
50%       182.200000     182.300000  8.100000e+03  1.050000e+04
75%       183.000000     183.100000  1.550000e+04  1.920000e+04
max       184.800000     184.900000  9.271000e+06  8.922700e+06
2023-11-17 11:56:34,563 - DataQualityChecks - INFO - Checked negative values in columns Index(['bid_price', 'ask_price', 'bid_size', 'ask_size'], dtype='object') of quotes:
bid_price    0
ask_price    0
bid_size     0
ask_size     0
dtype: int64
2023-11-17 11:56:34,572 - DataQualityChecks - INFO - Checked non-unique timestamps in quotes: 30569
2023-11-17 11:56:34,580 - DataQualityChecks - INFO - Wrote results of trades checks to file: trade_checks.txt
2023-11-17 11:56:34,589 - DataQualityChecks - INFO - Wrote results of quotes checks to file: quotes_check.txt
