2023-11-19 23:08:48,721 - DataQualityChecks - INFO - Checked missing values in trades:
price     0
volume    0
dtype: int64
2023-11-19 23:08:48,721 - DataQualityChecks - INFO - Checked missing values in trades:
price     0
volume    0
dtype: int64
2023-11-19 23:08:48,735 - DataQualityChecks - INFO - Checked duplicate rows in trades: 17262
2023-11-19 23:08:48,735 - DataQualityChecks - INFO - Checked duplicate rows in trades: 17262
2023-11-19 23:08:48,737 - DataQualityChecks - INFO - Checked data types in trades:
price     float64
volume    float64
dtype: object
2023-11-19 23:08:48,737 - DataQualityChecks - INFO - Checked data types in trades:
price     float64
volume    float64
dtype: object
2023-11-19 23:08:48,749 - DataQualityChecks - INFO - Checked outliers in trades:
              price         volume
count  66272.000000   66272.000000
mean     181.177415     647.091064
std        2.906421    3338.088817
min      172.800000       1.000000
25%      179.800000     100.000000
50%      182.300000     200.000000
75%      183.050000     400.000000
max      185.000000  213000.000000
2023-11-19 23:08:48,749 - DataQualityChecks - INFO - Checked outliers in trades:
              price         volume
count  66272.000000   66272.000000
mean     181.177415     647.091064
std        2.906421    3338.088817
min      172.800000       1.000000
25%      179.800000     100.000000
50%      182.300000     200.000000
75%      183.050000     400.000000
max      185.000000  213000.000000
2023-11-19 23:08:48,758 - DataQualityChecks - INFO - Checked negative values in columns Index(['price', 'volume'], dtype='object') of trades:
price     0
volume    0
dtype: int64
2023-11-19 23:08:48,758 - DataQualityChecks - INFO - Checked negative values in columns Index(['price', 'volume'], dtype='object') of trades:
price     0
volume    0
dtype: int64
2023-11-19 23:08:48,761 - DataQualityChecks - INFO - Checked non-unique timestamps in trades: 35972
2023-11-19 23:08:48,761 - DataQualityChecks - INFO - Checked non-unique timestamps in trades: 35972
2023-11-19 23:08:48,764 - DataQualityChecks - INFO - Checked missing values in quotes:
bid_price    0
ask_price    0
bid_size     0
ask_size     0
dtype: int64
2023-11-19 23:08:48,764 - DataQualityChecks - INFO - Checked missing values in quotes:
bid_price    0
ask_price    0
bid_size     0
ask_size     0
dtype: int64
2023-11-19 23:08:48,798 - DataQualityChecks - INFO - Checked duplicate rows in quotes: 762
2023-11-19 23:08:48,798 - DataQualityChecks - INFO - Checked duplicate rows in quotes: 762
2023-11-19 23:08:48,800 - DataQualityChecks - INFO - Checked data types in quotes:
bid_price    float64
ask_price    float64
bid_size     float64
ask_size     float64
dtype: object
2023-11-19 23:08:48,800 - DataQualityChecks - INFO - Checked data types in quotes:
bid_price    float64
ask_price    float64
bid_size     float64
ask_size     float64
dtype: object
2023-11-19 23:08:48,822 - DataQualityChecks - INFO - Checked outliers in quotes:
           bid_price      ask_price      bid_size      ask_size
count  123984.000000  123984.000000  1.239840e+05  1.239840e+05
mean      180.972118     181.101853  6.735354e+04  7.338111e+04
std         3.046862       3.030103  6.205631e+05  6.379921e+05
min       161.000000     164.500000  1.000000e+02  1.000000e+02
25%       179.600000     179.700000  3.400000e+03  4.500000e+03
50%       182.200000     182.300000  8.100000e+03  1.050000e+04
75%       183.000000     183.100000  1.550000e+04  1.920000e+04
max       184.800000     184.900000  9.271000e+06  8.922700e+06
2023-11-19 23:08:48,822 - DataQualityChecks - INFO - Checked outliers in quotes:
           bid_price      ask_price      bid_size      ask_size
count  123984.000000  123984.000000  1.239840e+05  1.239840e+05
mean      180.972118     181.101853  6.735354e+04  7.338111e+04
std         3.046862       3.030103  6.205631e+05  6.379921e+05
min       161.000000     164.500000  1.000000e+02  1.000000e+02
25%       179.600000     179.700000  3.400000e+03  4.500000e+03
50%       182.200000     182.300000  8.100000e+03  1.050000e+04
75%       183.000000     183.100000  1.550000e+04  1.920000e+04
max       184.800000     184.900000  9.271000e+06  8.922700e+06
2023-11-19 23:08:48,833 - DataQualityChecks - INFO - Checked negative values in columns Index(['bid_price', 'ask_price', 'bid_size', 'ask_size'], dtype='object') of quotes:
bid_price    0
ask_price    0
bid_size     0
ask_size     0
dtype: int64
2023-11-19 23:08:48,833 - DataQualityChecks - INFO - Checked negative values in columns Index(['bid_price', 'ask_price', 'bid_size', 'ask_size'], dtype='object') of quotes:
bid_price    0
ask_price    0
bid_size     0
ask_size     0
dtype: int64
2023-11-19 23:08:48,840 - DataQualityChecks - INFO - Checked non-unique timestamps in quotes: 30569
2023-11-19 23:08:48,840 - DataQualityChecks - INFO - Checked non-unique timestamps in quotes: 30569
2023-11-19 23:08:48,843 - DataQualityChecks - INFO - Wrote results of trades checks to file: trade_checks.txt
2023-11-19 23:08:48,843 - DataQualityChecks - INFO - Wrote results of trades checks to file: trade_checks.txt
2023-11-19 23:08:48,847 - DataQualityChecks - INFO - Wrote results of quotes checks to file: quotes_check.txt
2023-11-19 23:08:48,847 - DataQualityChecks - INFO - Wrote results of quotes checks to file: quotes_check.txt
2023-11-19 23:10:40,072 - DataQualityChecks - INFO - Checked missing values in trades:
price     0
volume    0
dtype: int64
2023-11-19 23:10:40,072 - DataQualityChecks - INFO - Checked missing values in trades:
price     0
volume    0
dtype: int64
2023-11-19 23:10:40,072 - DataQualityChecks - INFO - Checked missing values in trades:
price     0
volume    0
dtype: int64
2023-11-19 23:10:40,072 - DataQualityChecks - INFO - Checked missing values in trades:
price     0
volume    0
dtype: int64
2023-11-19 23:10:40,085 - DataQualityChecks - INFO - Checked duplicate rows in trades: 17262
2023-11-19 23:10:40,085 - DataQualityChecks - INFO - Checked duplicate rows in trades: 17262
2023-11-19 23:10:40,085 - DataQualityChecks - INFO - Checked duplicate rows in trades: 17262
2023-11-19 23:10:40,085 - DataQualityChecks - INFO - Checked duplicate rows in trades: 17262
2023-11-19 23:10:40,086 - DataQualityChecks - INFO - Checked data types in trades:
price     float64
volume    float64
dtype: object
2023-11-19 23:10:40,086 - DataQualityChecks - INFO - Checked data types in trades:
price     float64
volume    float64
dtype: object
2023-11-19 23:10:40,086 - DataQualityChecks - INFO - Checked data types in trades:
price     float64
volume    float64
dtype: object
2023-11-19 23:10:40,086 - DataQualityChecks - INFO - Checked data types in trades:
price     float64
volume    float64
dtype: object
2023-11-19 23:10:40,097 - DataQualityChecks - INFO - Checked outliers in trades:
              price         volume
count  66272.000000   66272.000000
mean     181.177415     647.091064
std        2.906421    3338.088817
min      172.800000       1.000000
25%      179.800000     100.000000
50%      182.300000     200.000000
75%      183.050000     400.000000
max      185.000000  213000.000000
2023-11-19 23:10:40,097 - DataQualityChecks - INFO - Checked outliers in trades:
              price         volume
count  66272.000000   66272.000000
mean     181.177415     647.091064
std        2.906421    3338.088817
min      172.800000       1.000000
25%      179.800000     100.000000
50%      182.300000     200.000000
75%      183.050000     400.000000
max      185.000000  213000.000000
2023-11-19 23:10:40,097 - DataQualityChecks - INFO - Checked outliers in trades:
              price         volume
count  66272.000000   66272.000000
mean     181.177415     647.091064
std        2.906421    3338.088817
min      172.800000       1.000000
25%      179.800000     100.000000
50%      182.300000     200.000000
75%      183.050000     400.000000
max      185.000000  213000.000000
2023-11-19 23:10:40,097 - DataQualityChecks - INFO - Checked outliers in trades:
              price         volume
count  66272.000000   66272.000000
mean     181.177415     647.091064
std        2.906421    3338.088817
min      172.800000       1.000000
25%      179.800000     100.000000
50%      182.300000     200.000000
75%      183.050000     400.000000
max      185.000000  213000.000000
2023-11-19 23:10:40,104 - DataQualityChecks - INFO - Checked negative values in columns Index(['price', 'volume'], dtype='object') of trades:
price     0
volume    0
dtype: int64
2023-11-19 23:10:40,104 - DataQualityChecks - INFO - Checked negative values in columns Index(['price', 'volume'], dtype='object') of trades:
price     0
volume    0
dtype: int64
2023-11-19 23:10:40,104 - DataQualityChecks - INFO - Checked negative values in columns Index(['price', 'volume'], dtype='object') of trades:
price     0
volume    0
dtype: int64
2023-11-19 23:10:40,104 - DataQualityChecks - INFO - Checked negative values in columns Index(['price', 'volume'], dtype='object') of trades:
price     0
volume    0
dtype: int64
2023-11-19 23:10:40,108 - DataQualityChecks - INFO - Checked non-unique timestamps in trades: 35972
2023-11-19 23:10:40,108 - DataQualityChecks - INFO - Checked non-unique timestamps in trades: 35972
2023-11-19 23:10:40,108 - DataQualityChecks - INFO - Checked non-unique timestamps in trades: 35972
2023-11-19 23:10:40,108 - DataQualityChecks - INFO - Checked non-unique timestamps in trades: 35972
2023-11-19 23:10:40,110 - DataQualityChecks - INFO - Checked missing values in quotes:
bid_price    0
ask_price    0
bid_size     0
ask_size     0
dtype: int64
2023-11-19 23:10:40,110 - DataQualityChecks - INFO - Checked missing values in quotes:
bid_price    0
ask_price    0
bid_size     0
ask_size     0
dtype: int64
2023-11-19 23:10:40,110 - DataQualityChecks - INFO - Checked missing values in quotes:
bid_price    0
ask_price    0
bid_size     0
ask_size     0
dtype: int64
2023-11-19 23:10:40,110 - DataQualityChecks - INFO - Checked missing values in quotes:
bid_price    0
ask_price    0
bid_size     0
ask_size     0
dtype: int64
2023-11-19 23:10:40,143 - DataQualityChecks - INFO - Checked duplicate rows in quotes: 762
2023-11-19 23:10:40,143 - DataQualityChecks - INFO - Checked duplicate rows in quotes: 762
2023-11-19 23:10:40,143 - DataQualityChecks - INFO - Checked duplicate rows in quotes: 762
2023-11-19 23:10:40,143 - DataQualityChecks - INFO - Checked duplicate rows in quotes: 762
2023-11-19 23:10:40,145 - DataQualityChecks - INFO - Checked data types in quotes:
bid_price    float64
ask_price    float64
bid_size     float64
ask_size     float64
dtype: object
2023-11-19 23:10:40,145 - DataQualityChecks - INFO - Checked data types in quotes:
bid_price    float64
ask_price    float64
bid_size     float64
ask_size     float64
dtype: object
2023-11-19 23:10:40,145 - DataQualityChecks - INFO - Checked data types in quotes:
bid_price    float64
ask_price    float64
bid_size     float64
ask_size     float64
dtype: object
2023-11-19 23:10:40,145 - DataQualityChecks - INFO - Checked data types in quotes:
bid_price    float64
ask_price    float64
bid_size     float64
ask_size     float64
dtype: object
2023-11-19 23:10:40,169 - DataQualityChecks - INFO - Checked outliers in quotes:
           bid_price      ask_price      bid_size      ask_size
count  123984.000000  123984.000000  1.239840e+05  1.239840e+05
mean      180.972118     181.101853  6.735354e+04  7.338111e+04
std         3.046862       3.030103  6.205631e+05  6.379921e+05
min       161.000000     164.500000  1.000000e+02  1.000000e+02
25%       179.600000     179.700000  3.400000e+03  4.500000e+03
50%       182.200000     182.300000  8.100000e+03  1.050000e+04
75%       183.000000     183.100000  1.550000e+04  1.920000e+04
max       184.800000     184.900000  9.271000e+06  8.922700e+06
2023-11-19 23:10:40,169 - DataQualityChecks - INFO - Checked outliers in quotes:
           bid_price      ask_price      bid_size      ask_size
count  123984.000000  123984.000000  1.239840e+05  1.239840e+05
mean      180.972118     181.101853  6.735354e+04  7.338111e+04
std         3.046862       3.030103  6.205631e+05  6.379921e+05
min       161.000000     164.500000  1.000000e+02  1.000000e+02
25%       179.600000     179.700000  3.400000e+03  4.500000e+03
50%       182.200000     182.300000  8.100000e+03  1.050000e+04
75%       183.000000     183.100000  1.550000e+04  1.920000e+04
max       184.800000     184.900000  9.271000e+06  8.922700e+06
2023-11-19 23:10:40,169 - DataQualityChecks - INFO - Checked outliers in quotes:
           bid_price      ask_price      bid_size      ask_size
count  123984.000000  123984.000000  1.239840e+05  1.239840e+05
mean      180.972118     181.101853  6.735354e+04  7.338111e+04
std         3.046862       3.030103  6.205631e+05  6.379921e+05
min       161.000000     164.500000  1.000000e+02  1.000000e+02
25%       179.600000     179.700000  3.400000e+03  4.500000e+03
50%       182.200000     182.300000  8.100000e+03  1.050000e+04
75%       183.000000     183.100000  1.550000e+04  1.920000e+04
max       184.800000     184.900000  9.271000e+06  8.922700e+06
2023-11-19 23:10:40,169 - DataQualityChecks - INFO - Checked outliers in quotes:
           bid_price      ask_price      bid_size      ask_size
count  123984.000000  123984.000000  1.239840e+05  1.239840e+05
mean      180.972118     181.101853  6.735354e+04  7.338111e+04
std         3.046862       3.030103  6.205631e+05  6.379921e+05
min       161.000000     164.500000  1.000000e+02  1.000000e+02
25%       179.600000     179.700000  3.400000e+03  4.500000e+03
50%       182.200000     182.300000  8.100000e+03  1.050000e+04
75%       183.000000     183.100000  1.550000e+04  1.920000e+04
max       184.800000     184.900000  9.271000e+06  8.922700e+06
2023-11-19 23:10:40,181 - DataQualityChecks - INFO - Checked negative values in columns Index(['bid_price', 'ask_price', 'bid_size', 'ask_size'], dtype='object') of quotes:
bid_price    0
ask_price    0
bid_size     0
ask_size     0
dtype: int64
2023-11-19 23:10:40,181 - DataQualityChecks - INFO - Checked negative values in columns Index(['bid_price', 'ask_price', 'bid_size', 'ask_size'], dtype='object') of quotes:
bid_price    0
ask_price    0
bid_size     0
ask_size     0
dtype: int64
2023-11-19 23:10:40,181 - DataQualityChecks - INFO - Checked negative values in columns Index(['bid_price', 'ask_price', 'bid_size', 'ask_size'], dtype='object') of quotes:
bid_price    0
ask_price    0
bid_size     0
ask_size     0
dtype: int64
2023-11-19 23:10:40,181 - DataQualityChecks - INFO - Checked negative values in columns Index(['bid_price', 'ask_price', 'bid_size', 'ask_size'], dtype='object') of quotes:
bid_price    0
ask_price    0
bid_size     0
ask_size     0
dtype: int64
2023-11-19 23:10:40,188 - DataQualityChecks - INFO - Checked non-unique timestamps in quotes: 30569
2023-11-19 23:10:40,188 - DataQualityChecks - INFO - Checked non-unique timestamps in quotes: 30569
2023-11-19 23:10:40,188 - DataQualityChecks - INFO - Checked non-unique timestamps in quotes: 30569
2023-11-19 23:10:40,188 - DataQualityChecks - INFO - Checked non-unique timestamps in quotes: 30569
2023-11-19 23:10:40,191 - DataQualityChecks - INFO - Wrote results of trades checks to file: trade_checks.txt
2023-11-19 23:10:40,191 - DataQualityChecks - INFO - Wrote results of trades checks to file: trade_checks.txt
2023-11-19 23:10:40,191 - DataQualityChecks - INFO - Wrote results of trades checks to file: trade_checks.txt
2023-11-19 23:10:40,191 - DataQualityChecks - INFO - Wrote results of trades checks to file: trade_checks.txt
2023-11-19 23:10:40,196 - DataQualityChecks - INFO - Wrote results of quotes checks to file: quotes_check.txt
2023-11-19 23:10:40,196 - DataQualityChecks - INFO - Wrote results of quotes checks to file: quotes_check.txt
2023-11-19 23:10:40,196 - DataQualityChecks - INFO - Wrote results of quotes checks to file: quotes_check.txt
2023-11-19 23:10:40,196 - DataQualityChecks - INFO - Wrote results of quotes checks to file: quotes_check.txt
2023-11-19 23:29:10,656 - DataQualityChecks - INFO - Checked missing values in trades:
price     0
volume    0
dtype: int64
2023-11-19 23:29:10,656 - DataQualityChecks - INFO - Checked missing values in trades:
price     0
volume    0
dtype: int64
2023-11-19 23:29:10,669 - DataQualityChecks - INFO - Checked duplicate rows in trades: 17262
2023-11-19 23:29:10,669 - DataQualityChecks - INFO - Checked duplicate rows in trades: 17262
2023-11-19 23:29:10,670 - DataQualityChecks - INFO - Checked data types in trades:
price     float64
volume    float64
dtype: object
2023-11-19 23:29:10,670 - DataQualityChecks - INFO - Checked data types in trades:
price     float64
volume    float64
dtype: object
2023-11-19 23:29:10,684 - DataQualityChecks - INFO - Checked outliers in trades:
              price         volume
count  66272.000000   66272.000000
mean     181.177415     647.091064
std        2.906421    3338.088817
min      172.800000       1.000000
25%      179.800000     100.000000
50%      182.300000     200.000000
75%      183.050000     400.000000
max      185.000000  213000.000000
2023-11-19 23:29:10,684 - DataQualityChecks - INFO - Checked outliers in trades:
              price         volume
count  66272.000000   66272.000000
mean     181.177415     647.091064
std        2.906421    3338.088817
min      172.800000       1.000000
25%      179.800000     100.000000
50%      182.300000     200.000000
75%      183.050000     400.000000
max      185.000000  213000.000000
2023-11-19 23:29:10,723 - DataQualityChecks - INFO - Checked negative values in columns Index(['price', 'volume'], dtype='object') of trades:
price     0
volume    0
dtype: int64
2023-11-19 23:29:10,723 - DataQualityChecks - INFO - Checked negative values in columns Index(['price', 'volume'], dtype='object') of trades:
price     0
volume    0
dtype: int64
2023-11-19 23:29:10,727 - DataQualityChecks - INFO - Checked non-unique timestamps in trades: 35972
2023-11-19 23:29:10,727 - DataQualityChecks - INFO - Checked non-unique timestamps in trades: 35972
2023-11-19 23:29:10,729 - DataQualityChecks - INFO - Checked missing values in quotes:
bid_price    0
ask_price    0
bid_size     0
ask_size     0
dtype: int64
2023-11-19 23:29:10,729 - DataQualityChecks - INFO - Checked missing values in quotes:
bid_price    0
ask_price    0
bid_size     0
ask_size     0
dtype: int64
2023-11-19 23:29:10,760 - DataQualityChecks - INFO - Checked duplicate rows in quotes: 762
2023-11-19 23:29:10,760 - DataQualityChecks - INFO - Checked duplicate rows in quotes: 762
2023-11-19 23:29:10,761 - DataQualityChecks - INFO - Checked data types in quotes:
bid_price    float64
ask_price    float64
bid_size     float64
ask_size     float64
dtype: object
2023-11-19 23:29:10,761 - DataQualityChecks - INFO - Checked data types in quotes:
bid_price    float64
ask_price    float64
bid_size     float64
ask_size     float64
dtype: object
2023-11-19 23:29:10,787 - DataQualityChecks - INFO - Checked outliers in quotes:
           bid_price      ask_price      bid_size      ask_size
count  123984.000000  123984.000000  1.239840e+05  1.239840e+05
mean      180.972118     181.101853  6.735354e+04  7.338111e+04
std         3.046862       3.030103  6.205631e+05  6.379921e+05
min       161.000000     164.500000  1.000000e+02  1.000000e+02
25%       179.600000     179.700000  3.400000e+03  4.500000e+03
50%       182.200000     182.300000  8.100000e+03  1.050000e+04
75%       183.000000     183.100000  1.550000e+04  1.920000e+04
max       184.800000     184.900000  9.271000e+06  8.922700e+06
2023-11-19 23:29:10,787 - DataQualityChecks - INFO - Checked outliers in quotes:
           bid_price      ask_price      bid_size      ask_size
count  123984.000000  123984.000000  1.239840e+05  1.239840e+05
mean      180.972118     181.101853  6.735354e+04  7.338111e+04
std         3.046862       3.030103  6.205631e+05  6.379921e+05
min       161.000000     164.500000  1.000000e+02  1.000000e+02
25%       179.600000     179.700000  3.400000e+03  4.500000e+03
50%       182.200000     182.300000  8.100000e+03  1.050000e+04
75%       183.000000     183.100000  1.550000e+04  1.920000e+04
max       184.800000     184.900000  9.271000e+06  8.922700e+06
2023-11-19 23:29:10,800 - DataQualityChecks - INFO - Checked negative values in columns Index(['bid_price', 'ask_price', 'bid_size', 'ask_size'], dtype='object') of quotes:
bid_price    0
ask_price    0
bid_size     0
ask_size     0
dtype: int64
2023-11-19 23:29:10,800 - DataQualityChecks - INFO - Checked negative values in columns Index(['bid_price', 'ask_price', 'bid_size', 'ask_size'], dtype='object') of quotes:
bid_price    0
ask_price    0
bid_size     0
ask_size     0
dtype: int64
2023-11-19 23:29:10,806 - DataQualityChecks - INFO - Checked non-unique timestamps in quotes: 30569
2023-11-19 23:29:10,806 - DataQualityChecks - INFO - Checked non-unique timestamps in quotes: 30569
2023-11-19 23:29:10,813 - DataQualityChecks - INFO - Wrote results of trades checks to file: trade_checks.txt
2023-11-19 23:29:10,813 - DataQualityChecks - INFO - Wrote results of trades checks to file: trade_checks.txt
2023-11-19 23:29:10,822 - DataQualityChecks - INFO - Wrote results of quotes checks to file: quotes_check.txt
2023-11-19 23:29:10,822 - DataQualityChecks - INFO - Wrote results of quotes checks to file: quotes_check.txt
2023-11-19 23:33:17,270 - DataQualityChecks - INFO - Checked missing values in trades:
price     0
volume    0
dtype: int64
2023-11-19 23:33:17,270 - DataQualityChecks - INFO - Checked missing values in trades:
price     0
volume    0
dtype: int64
2023-11-19 23:33:17,282 - DataQualityChecks - INFO - Checked duplicate rows in trades: 17262
2023-11-19 23:33:17,282 - DataQualityChecks - INFO - Checked duplicate rows in trades: 17262
2023-11-19 23:33:17,284 - DataQualityChecks - INFO - Checked data types in trades:
price     float64
volume    float64
dtype: object
2023-11-19 23:33:17,284 - DataQualityChecks - INFO - Checked data types in trades:
price     float64
volume    float64
dtype: object
2023-11-19 23:33:17,298 - DataQualityChecks - INFO - Checked outliers in trades:
              price         volume
count  66272.000000   66272.000000
mean     181.177415     647.091064
std        2.906421    3338.088817
min      172.800000       1.000000
25%      179.800000     100.000000
50%      182.300000     200.000000
75%      183.050000     400.000000
max      185.000000  213000.000000
2023-11-19 23:33:17,298 - DataQualityChecks - INFO - Checked outliers in trades:
              price         volume
count  66272.000000   66272.000000
mean     181.177415     647.091064
std        2.906421    3338.088817
min      172.800000       1.000000
25%      179.800000     100.000000
50%      182.300000     200.000000
75%      183.050000     400.000000
max      185.000000  213000.000000
2023-11-19 23:33:17,334 - DataQualityChecks - INFO - Checked negative values in columns Index(['price', 'volume'], dtype='object') of trades:
price     0
volume    0
dtype: int64
2023-11-19 23:33:17,334 - DataQualityChecks - INFO - Checked negative values in columns Index(['price', 'volume'], dtype='object') of trades:
price     0
volume    0
dtype: int64
2023-11-19 23:33:17,337 - DataQualityChecks - INFO - Checked non-unique timestamps in trades: 35972
2023-11-19 23:33:17,337 - DataQualityChecks - INFO - Checked non-unique timestamps in trades: 35972
2023-11-19 23:33:17,340 - DataQualityChecks - INFO - Checked missing values in quotes:
bid_price    0
ask_price    0
bid_size     0
ask_size     0
dtype: int64
2023-11-19 23:33:17,340 - DataQualityChecks - INFO - Checked missing values in quotes:
bid_price    0
ask_price    0
bid_size     0
ask_size     0
dtype: int64
2023-11-19 23:33:17,371 - DataQualityChecks - INFO - Checked duplicate rows in quotes: 762
2023-11-19 23:33:17,371 - DataQualityChecks - INFO - Checked duplicate rows in quotes: 762
2023-11-19 23:33:17,373 - DataQualityChecks - INFO - Checked data types in quotes:
bid_price    float64
ask_price    float64
bid_size     float64
ask_size     float64
dtype: object
2023-11-19 23:33:17,373 - DataQualityChecks - INFO - Checked data types in quotes:
bid_price    float64
ask_price    float64
bid_size     float64
ask_size     float64
dtype: object
2023-11-19 23:33:17,401 - DataQualityChecks - INFO - Checked outliers in quotes:
           bid_price      ask_price      bid_size      ask_size
count  123984.000000  123984.000000  1.239840e+05  1.239840e+05
mean      180.972118     181.101853  6.735354e+04  7.338111e+04
std         3.046862       3.030103  6.205631e+05  6.379921e+05
min       161.000000     164.500000  1.000000e+02  1.000000e+02
25%       179.600000     179.700000  3.400000e+03  4.500000e+03
50%       182.200000     182.300000  8.100000e+03  1.050000e+04
75%       183.000000     183.100000  1.550000e+04  1.920000e+04
max       184.800000     184.900000  9.271000e+06  8.922700e+06
2023-11-19 23:33:17,401 - DataQualityChecks - INFO - Checked outliers in quotes:
           bid_price      ask_price      bid_size      ask_size
count  123984.000000  123984.000000  1.239840e+05  1.239840e+05
mean      180.972118     181.101853  6.735354e+04  7.338111e+04
std         3.046862       3.030103  6.205631e+05  6.379921e+05
min       161.000000     164.500000  1.000000e+02  1.000000e+02
25%       179.600000     179.700000  3.400000e+03  4.500000e+03
50%       182.200000     182.300000  8.100000e+03  1.050000e+04
75%       183.000000     183.100000  1.550000e+04  1.920000e+04
max       184.800000     184.900000  9.271000e+06  8.922700e+06
2023-11-19 23:33:17,414 - DataQualityChecks - INFO - Checked negative values in columns Index(['bid_price', 'ask_price', 'bid_size', 'ask_size'], dtype='object') of quotes:
bid_price    0
ask_price    0
bid_size     0
ask_size     0
dtype: int64
2023-11-19 23:33:17,414 - DataQualityChecks - INFO - Checked negative values in columns Index(['bid_price', 'ask_price', 'bid_size', 'ask_size'], dtype='object') of quotes:
bid_price    0
ask_price    0
bid_size     0
ask_size     0
dtype: int64
2023-11-19 23:33:17,420 - DataQualityChecks - INFO - Checked non-unique timestamps in quotes: 30569
2023-11-19 23:33:17,420 - DataQualityChecks - INFO - Checked non-unique timestamps in quotes: 30569
2023-11-19 23:37:05,421 - DataQualityChecks - INFO - Checked missing values in trades:
price     0
volume    0
dtype: int64
2023-11-19 23:37:05,421 - DataQualityChecks - INFO - Checked missing values in trades:
price     0
volume    0
dtype: int64
2023-11-19 23:37:05,434 - DataQualityChecks - INFO - Checked duplicate rows in trades: 17262
2023-11-19 23:37:05,434 - DataQualityChecks - INFO - Checked duplicate rows in trades: 17262
2023-11-19 23:37:05,435 - DataQualityChecks - INFO - Checked data types in trades:
price     float64
volume    float64
dtype: object
2023-11-19 23:37:05,435 - DataQualityChecks - INFO - Checked data types in trades:
price     float64
volume    float64
dtype: object
2023-11-19 23:37:05,449 - DataQualityChecks - INFO - Checked outliers in trades:
              price         volume
count  66272.000000   66272.000000
mean     181.177415     647.091064
std        2.906421    3338.088817
min      172.800000       1.000000
25%      179.800000     100.000000
50%      182.300000     200.000000
75%      183.050000     400.000000
max      185.000000  213000.000000
2023-11-19 23:37:05,449 - DataQualityChecks - INFO - Checked outliers in trades:
              price         volume
count  66272.000000   66272.000000
mean     181.177415     647.091064
std        2.906421    3338.088817
min      172.800000       1.000000
25%      179.800000     100.000000
50%      182.300000     200.000000
75%      183.050000     400.000000
max      185.000000  213000.000000
2023-11-19 23:37:05,487 - DataQualityChecks - INFO - Checked negative values in columns Index(['price', 'volume'], dtype='object') of trades:
price     0
volume    0
dtype: int64
2023-11-19 23:37:05,487 - DataQualityChecks - INFO - Checked negative values in columns Index(['price', 'volume'], dtype='object') of trades:
price     0
volume    0
dtype: int64
2023-11-19 23:37:05,491 - DataQualityChecks - INFO - Checked non-unique timestamps in trades: 35972
2023-11-19 23:37:05,491 - DataQualityChecks - INFO - Checked non-unique timestamps in trades: 35972
2023-11-19 23:37:05,493 - DataQualityChecks - INFO - Checked missing values in quotes:
bid_price    0
ask_price    0
bid_size     0
ask_size     0
dtype: int64
2023-11-19 23:37:05,493 - DataQualityChecks - INFO - Checked missing values in quotes:
bid_price    0
ask_price    0
bid_size     0
ask_size     0
dtype: int64
2023-11-19 23:37:05,526 - DataQualityChecks - INFO - Checked duplicate rows in quotes: 762
2023-11-19 23:37:05,526 - DataQualityChecks - INFO - Checked duplicate rows in quotes: 762
2023-11-19 23:37:05,527 - DataQualityChecks - INFO - Checked data types in quotes:
bid_price    float64
ask_price    float64
bid_size     float64
ask_size     float64
dtype: object
2023-11-19 23:37:05,527 - DataQualityChecks - INFO - Checked data types in quotes:
bid_price    float64
ask_price    float64
bid_size     float64
ask_size     float64
dtype: object
2023-11-19 23:37:05,556 - DataQualityChecks - INFO - Checked outliers in quotes:
           bid_price      ask_price      bid_size      ask_size
count  123984.000000  123984.000000  1.239840e+05  1.239840e+05
mean      180.972118     181.101853  6.735354e+04  7.338111e+04
std         3.046862       3.030103  6.205631e+05  6.379921e+05
min       161.000000     164.500000  1.000000e+02  1.000000e+02
25%       179.600000     179.700000  3.400000e+03  4.500000e+03
50%       182.200000     182.300000  8.100000e+03  1.050000e+04
75%       183.000000     183.100000  1.550000e+04  1.920000e+04
max       184.800000     184.900000  9.271000e+06  8.922700e+06
2023-11-19 23:37:05,556 - DataQualityChecks - INFO - Checked outliers in quotes:
           bid_price      ask_price      bid_size      ask_size
count  123984.000000  123984.000000  1.239840e+05  1.239840e+05
mean      180.972118     181.101853  6.735354e+04  7.338111e+04
std         3.046862       3.030103  6.205631e+05  6.379921e+05
min       161.000000     164.500000  1.000000e+02  1.000000e+02
25%       179.600000     179.700000  3.400000e+03  4.500000e+03
50%       182.200000     182.300000  8.100000e+03  1.050000e+04
75%       183.000000     183.100000  1.550000e+04  1.920000e+04
max       184.800000     184.900000  9.271000e+06  8.922700e+06
2023-11-19 23:37:05,569 - DataQualityChecks - INFO - Checked negative values in columns Index(['bid_price', 'ask_price', 'bid_size', 'ask_size'], dtype='object') of quotes:
bid_price    0
ask_price    0
bid_size     0
ask_size     0
dtype: int64
2023-11-19 23:37:05,569 - DataQualityChecks - INFO - Checked negative values in columns Index(['bid_price', 'ask_price', 'bid_size', 'ask_size'], dtype='object') of quotes:
bid_price    0
ask_price    0
bid_size     0
ask_size     0
dtype: int64
2023-11-19 23:37:05,575 - DataQualityChecks - INFO - Checked non-unique timestamps in quotes: 30569
2023-11-19 23:37:05,575 - DataQualityChecks - INFO - Checked non-unique timestamps in quotes: 30569
2023-11-19 23:40:41,418 - DataQualityChecks - INFO - Checked missing values in trades:
price     0
volume    0
dtype: int64
2023-11-19 23:40:41,418 - DataQualityChecks - INFO - Checked missing values in trades:
price     0
volume    0
dtype: int64
2023-11-19 23:40:41,433 - DataQualityChecks - INFO - Checked duplicate rows in trades: 17262
2023-11-19 23:40:41,433 - DataQualityChecks - INFO - Checked duplicate rows in trades: 17262
2023-11-19 23:40:41,434 - DataQualityChecks - INFO - Checked data types in trades:
price     float64
volume    float64
dtype: object
2023-11-19 23:40:41,434 - DataQualityChecks - INFO - Checked data types in trades:
price     float64
volume    float64
dtype: object
2023-11-19 23:40:41,449 - DataQualityChecks - INFO - Checked outliers in trades:
              price         volume
count  66272.000000   66272.000000
mean     181.177415     647.091064
std        2.906421    3338.088817
min      172.800000       1.000000
25%      179.800000     100.000000
50%      182.300000     200.000000
75%      183.050000     400.000000
max      185.000000  213000.000000
2023-11-19 23:40:41,449 - DataQualityChecks - INFO - Checked outliers in trades:
              price         volume
count  66272.000000   66272.000000
mean     181.177415     647.091064
std        2.906421    3338.088817
min      172.800000       1.000000
25%      179.800000     100.000000
50%      182.300000     200.000000
75%      183.050000     400.000000
max      185.000000  213000.000000
2023-11-19 23:40:41,485 - DataQualityChecks - INFO - Checked negative values in columns Index(['price', 'volume'], dtype='object') of trades:
price     0
volume    0
dtype: int64
2023-11-19 23:40:41,485 - DataQualityChecks - INFO - Checked negative values in columns Index(['price', 'volume'], dtype='object') of trades:
price     0
volume    0
dtype: int64
2023-11-19 23:40:41,494 - DataQualityChecks - INFO - Checked non-unique timestamps in trades: 35972
2023-11-19 23:40:41,494 - DataQualityChecks - INFO - Checked non-unique timestamps in trades: 35972
2023-11-19 23:40:41,496 - DataQualityChecks - INFO - Checked missing values in quotes:
bid_price    0
ask_price    0
bid_size     0
ask_size     0
dtype: int64
2023-11-19 23:40:41,496 - DataQualityChecks - INFO - Checked missing values in quotes:
bid_price    0
ask_price    0
bid_size     0
ask_size     0
dtype: int64
2023-11-19 23:40:41,544 - DataQualityChecks - INFO - Checked duplicate rows in quotes: 762
2023-11-19 23:40:41,544 - DataQualityChecks - INFO - Checked duplicate rows in quotes: 762
2023-11-19 23:40:41,545 - DataQualityChecks - INFO - Checked data types in quotes:
bid_price    float64
ask_price    float64
bid_size     float64
ask_size     float64
dtype: object
2023-11-19 23:40:41,545 - DataQualityChecks - INFO - Checked data types in quotes:
bid_price    float64
ask_price    float64
bid_size     float64
ask_size     float64
dtype: object
2023-11-19 23:40:41,574 - DataQualityChecks - INFO - Checked outliers in quotes:
           bid_price      ask_price      bid_size      ask_size
count  123984.000000  123984.000000  1.239840e+05  1.239840e+05
mean      180.972118     181.101853  6.735354e+04  7.338111e+04
std         3.046862       3.030103  6.205631e+05  6.379921e+05
min       161.000000     164.500000  1.000000e+02  1.000000e+02
25%       179.600000     179.700000  3.400000e+03  4.500000e+03
50%       182.200000     182.300000  8.100000e+03  1.050000e+04
75%       183.000000     183.100000  1.550000e+04  1.920000e+04
max       184.800000     184.900000  9.271000e+06  8.922700e+06
2023-11-19 23:40:41,574 - DataQualityChecks - INFO - Checked outliers in quotes:
           bid_price      ask_price      bid_size      ask_size
count  123984.000000  123984.000000  1.239840e+05  1.239840e+05
mean      180.972118     181.101853  6.735354e+04  7.338111e+04
std         3.046862       3.030103  6.205631e+05  6.379921e+05
min       161.000000     164.500000  1.000000e+02  1.000000e+02
25%       179.600000     179.700000  3.400000e+03  4.500000e+03
50%       182.200000     182.300000  8.100000e+03  1.050000e+04
75%       183.000000     183.100000  1.550000e+04  1.920000e+04
max       184.800000     184.900000  9.271000e+06  8.922700e+06
2023-11-19 23:40:41,589 - DataQualityChecks - INFO - Checked negative values in columns Index(['bid_price', 'ask_price', 'bid_size', 'ask_size'], dtype='object') of quotes:
bid_price    0
ask_price    0
bid_size     0
ask_size     0
dtype: int64
2023-11-19 23:40:41,589 - DataQualityChecks - INFO - Checked negative values in columns Index(['bid_price', 'ask_price', 'bid_size', 'ask_size'], dtype='object') of quotes:
bid_price    0
ask_price    0
bid_size     0
ask_size     0
dtype: int64
2023-11-19 23:40:41,597 - DataQualityChecks - INFO - Checked non-unique timestamps in quotes: 30569
2023-11-19 23:40:41,597 - DataQualityChecks - INFO - Checked non-unique timestamps in quotes: 30569
2023-11-19 23:40:41,603 - DataQualityChecks - INFO - Wrote results of trades checks to file: output/task_1/data_quality_check/trade_checks.txt
2023-11-19 23:40:41,603 - DataQualityChecks - INFO - Wrote results of trades checks to file: output/task_1/data_quality_check/trade_checks.txt
2023-11-19 23:40:41,613 - DataQualityChecks - INFO - Wrote results of quotes checks to file: output/task_1/data_quality_check/quotes_check.txt
2023-11-19 23:40:41,613 - DataQualityChecks - INFO - Wrote results of quotes checks to file: output/task_1/data_quality_check/quotes_check.txt
2023-11-19 23:40:57,912 - DataQualityChecks - INFO - Checked missing values in trades:
price     0
volume    0
dtype: int64
2023-11-19 23:40:57,912 - DataQualityChecks - INFO - Checked missing values in trades:
price     0
volume    0
dtype: int64
2023-11-19 23:40:57,924 - DataQualityChecks - INFO - Checked duplicate rows in trades: 17262
2023-11-19 23:40:57,924 - DataQualityChecks - INFO - Checked duplicate rows in trades: 17262
2023-11-19 23:40:57,925 - DataQualityChecks - INFO - Checked data types in trades:
price     float64
volume    float64
dtype: object
2023-11-19 23:40:57,925 - DataQualityChecks - INFO - Checked data types in trades:
price     float64
volume    float64
dtype: object
2023-11-19 23:40:57,939 - DataQualityChecks - INFO - Checked outliers in trades:
              price         volume
count  66272.000000   66272.000000
mean     181.177415     647.091064
std        2.906421    3338.088817
min      172.800000       1.000000
25%      179.800000     100.000000
50%      182.300000     200.000000
75%      183.050000     400.000000
max      185.000000  213000.000000
2023-11-19 23:40:57,939 - DataQualityChecks - INFO - Checked outliers in trades:
              price         volume
count  66272.000000   66272.000000
mean     181.177415     647.091064
std        2.906421    3338.088817
min      172.800000       1.000000
25%      179.800000     100.000000
50%      182.300000     200.000000
75%      183.050000     400.000000
max      185.000000  213000.000000
2023-11-19 23:40:57,975 - DataQualityChecks - INFO - Checked negative values in columns Index(['price', 'volume'], dtype='object') of trades:
price     0
volume    0
dtype: int64
2023-11-19 23:40:57,975 - DataQualityChecks - INFO - Checked negative values in columns Index(['price', 'volume'], dtype='object') of trades:
price     0
volume    0
dtype: int64
2023-11-19 23:40:57,979 - DataQualityChecks - INFO - Checked non-unique timestamps in trades: 35972
2023-11-19 23:40:57,979 - DataQualityChecks - INFO - Checked non-unique timestamps in trades: 35972
2023-11-19 23:40:57,982 - DataQualityChecks - INFO - Checked missing values in quotes:
bid_price    0
ask_price    0
bid_size     0
ask_size     0
dtype: int64
2023-11-19 23:40:57,982 - DataQualityChecks - INFO - Checked missing values in quotes:
bid_price    0
ask_price    0
bid_size     0
ask_size     0
dtype: int64
2023-11-19 23:40:58,016 - DataQualityChecks - INFO - Checked duplicate rows in quotes: 762
2023-11-19 23:40:58,016 - DataQualityChecks - INFO - Checked duplicate rows in quotes: 762
2023-11-19 23:40:58,018 - DataQualityChecks - INFO - Checked data types in quotes:
bid_price    float64
ask_price    float64
bid_size     float64
ask_size     float64
dtype: object
2023-11-19 23:40:58,018 - DataQualityChecks - INFO - Checked data types in quotes:
bid_price    float64
ask_price    float64
bid_size     float64
ask_size     float64
dtype: object
2023-11-19 23:40:58,045 - DataQualityChecks - INFO - Checked outliers in quotes:
           bid_price      ask_price      bid_size      ask_size
count  123984.000000  123984.000000  1.239840e+05  1.239840e+05
mean      180.972118     181.101853  6.735354e+04  7.338111e+04
std         3.046862       3.030103  6.205631e+05  6.379921e+05
min       161.000000     164.500000  1.000000e+02  1.000000e+02
25%       179.600000     179.700000  3.400000e+03  4.500000e+03
50%       182.200000     182.300000  8.100000e+03  1.050000e+04
75%       183.000000     183.100000  1.550000e+04  1.920000e+04
max       184.800000     184.900000  9.271000e+06  8.922700e+06
2023-11-19 23:40:58,045 - DataQualityChecks - INFO - Checked outliers in quotes:
           bid_price      ask_price      bid_size      ask_size
count  123984.000000  123984.000000  1.239840e+05  1.239840e+05
mean      180.972118     181.101853  6.735354e+04  7.338111e+04
std         3.046862       3.030103  6.205631e+05  6.379921e+05
min       161.000000     164.500000  1.000000e+02  1.000000e+02
25%       179.600000     179.700000  3.400000e+03  4.500000e+03
50%       182.200000     182.300000  8.100000e+03  1.050000e+04
75%       183.000000     183.100000  1.550000e+04  1.920000e+04
max       184.800000     184.900000  9.271000e+06  8.922700e+06
2023-11-19 23:40:58,058 - DataQualityChecks - INFO - Checked negative values in columns Index(['bid_price', 'ask_price', 'bid_size', 'ask_size'], dtype='object') of quotes:
bid_price    0
ask_price    0
bid_size     0
ask_size     0
dtype: int64
2023-11-19 23:40:58,058 - DataQualityChecks - INFO - Checked negative values in columns Index(['bid_price', 'ask_price', 'bid_size', 'ask_size'], dtype='object') of quotes:
bid_price    0
ask_price    0
bid_size     0
ask_size     0
dtype: int64
2023-11-19 23:40:58,064 - DataQualityChecks - INFO - Checked non-unique timestamps in quotes: 30569
2023-11-19 23:40:58,064 - DataQualityChecks - INFO - Checked non-unique timestamps in quotes: 30569
2023-11-19 23:40:58,070 - DataQualityChecks - INFO - Wrote results of trades checks to file: output/task_1/data_quality_check/trade_checks.txt
2023-11-19 23:40:58,070 - DataQualityChecks - INFO - Wrote results of trades checks to file: output/task_1/data_quality_check/trade_checks.txt
2023-11-19 23:40:58,080 - DataQualityChecks - INFO - Wrote results of quotes checks to file: output/task_1/data_quality_check/quotes_check.txt
2023-11-19 23:40:58,080 - DataQualityChecks - INFO - Wrote results of quotes checks to file: output/task_1/data_quality_check/quotes_check.txt
2023-11-20 09:54:39,847 - DataQualityChecks - INFO - Checked missing values in trades:
price     0
volume    0
dtype: int64
2023-11-20 09:54:39,847 - DataQualityChecks - INFO - Checked missing values in trades:
price     0
volume    0
dtype: int64
2023-11-20 09:54:39,863 - DataQualityChecks - INFO - Checked duplicate rows in trades: 17262
2023-11-20 09:54:39,863 - DataQualityChecks - INFO - Checked duplicate rows in trades: 17262
2023-11-20 09:54:39,864 - DataQualityChecks - INFO - Checked data types in trades:
price     float64
volume    float64
dtype: object
2023-11-20 09:54:39,864 - DataQualityChecks - INFO - Checked data types in trades:
price     float64
volume    float64
dtype: object
2023-11-20 09:54:39,904 - DataQualityChecks - INFO - Checked outliers in trades:
              price         volume
count  66272.000000   66272.000000
mean     181.177415     647.091064
std        2.906421    3338.088817
min      172.800000       1.000000
25%      179.800000     100.000000
50%      182.300000     200.000000
75%      183.050000     400.000000
max      185.000000  213000.000000
2023-11-20 09:54:39,904 - DataQualityChecks - INFO - Checked outliers in trades:
              price         volume
count  66272.000000   66272.000000
mean     181.177415     647.091064
std        2.906421    3338.088817
min      172.800000       1.000000
25%      179.800000     100.000000
50%      182.300000     200.000000
75%      183.050000     400.000000
max      185.000000  213000.000000
2023-11-20 09:54:39,951 - DataQualityChecks - INFO - Checked negative values in columns Index(['price', 'volume'], dtype='object') of trades:
price     0
volume    0
dtype: int64
2023-11-20 09:54:39,951 - DataQualityChecks - INFO - Checked negative values in columns Index(['price', 'volume'], dtype='object') of trades:
price     0
volume    0
dtype: int64
2023-11-20 09:54:39,955 - DataQualityChecks - INFO - Checked non-unique timestamps in trades: 35972
2023-11-20 09:54:39,955 - DataQualityChecks - INFO - Checked non-unique timestamps in trades: 35972
2023-11-20 09:54:39,958 - DataQualityChecks - INFO - Checked missing values in quotes:
bid_price    0
ask_price    0
bid_size     0
ask_size     0
dtype: int64
2023-11-20 09:54:39,958 - DataQualityChecks - INFO - Checked missing values in quotes:
bid_price    0
ask_price    0
bid_size     0
ask_size     0
dtype: int64
2023-11-20 09:54:40,000 - DataQualityChecks - INFO - Checked duplicate rows in quotes: 762
2023-11-20 09:54:40,000 - DataQualityChecks - INFO - Checked duplicate rows in quotes: 762
2023-11-20 09:54:40,002 - DataQualityChecks - INFO - Checked data types in quotes:
bid_price    float64
ask_price    float64
bid_size     float64
ask_size     float64
dtype: object
2023-11-20 09:54:40,002 - DataQualityChecks - INFO - Checked data types in quotes:
bid_price    float64
ask_price    float64
bid_size     float64
ask_size     float64
dtype: object
2023-11-20 09:54:40,051 - DataQualityChecks - INFO - Checked outliers in quotes:
           bid_price      ask_price      bid_size      ask_size
count  123984.000000  123984.000000  1.239840e+05  1.239840e+05
mean      180.972118     181.101853  6.735354e+04  7.338111e+04
std         3.046862       3.030103  6.205631e+05  6.379921e+05
min       161.000000     164.500000  1.000000e+02  1.000000e+02
25%       179.600000     179.700000  3.400000e+03  4.500000e+03
50%       182.200000     182.300000  8.100000e+03  1.050000e+04
75%       183.000000     183.100000  1.550000e+04  1.920000e+04
max       184.800000     184.900000  9.271000e+06  8.922700e+06
2023-11-20 09:54:40,051 - DataQualityChecks - INFO - Checked outliers in quotes:
           bid_price      ask_price      bid_size      ask_size
count  123984.000000  123984.000000  1.239840e+05  1.239840e+05
mean      180.972118     181.101853  6.735354e+04  7.338111e+04
std         3.046862       3.030103  6.205631e+05  6.379921e+05
min       161.000000     164.500000  1.000000e+02  1.000000e+02
25%       179.600000     179.700000  3.400000e+03  4.500000e+03
50%       182.200000     182.300000  8.100000e+03  1.050000e+04
75%       183.000000     183.100000  1.550000e+04  1.920000e+04
max       184.800000     184.900000  9.271000e+06  8.922700e+06
2023-11-20 09:54:40,070 - DataQualityChecks - INFO - Checked negative values in columns Index(['bid_price', 'ask_price', 'bid_size', 'ask_size'], dtype='object') of quotes:
bid_price    0
ask_price    0
bid_size     0
ask_size     0
dtype: int64
2023-11-20 09:54:40,070 - DataQualityChecks - INFO - Checked negative values in columns Index(['bid_price', 'ask_price', 'bid_size', 'ask_size'], dtype='object') of quotes:
bid_price    0
ask_price    0
bid_size     0
ask_size     0
dtype: int64
2023-11-20 09:54:40,076 - DataQualityChecks - INFO - Checked non-unique timestamps in quotes: 30569
2023-11-20 09:54:40,076 - DataQualityChecks - INFO - Checked non-unique timestamps in quotes: 30569
2023-11-20 09:54:40,091 - DataQualityChecks - INFO - Wrote results of trades checks to file: output/task_1/data_quality_check/trade_checks.txt
2023-11-20 09:54:40,091 - DataQualityChecks - INFO - Wrote results of trades checks to file: output/task_1/data_quality_check/trade_checks.txt
2023-11-20 09:54:40,106 - DataQualityChecks - INFO - Wrote results of quotes checks to file: output/task_1/data_quality_check/quotes_check.txt
2023-11-20 09:54:40,106 - DataQualityChecks - INFO - Wrote results of quotes checks to file: output/task_1/data_quality_check/quotes_check.txt
