2023-11-19 23:04:28,161 - DataAggregator - INFO - Calculating liquidity flow data...
2023-11-19 23:04:28,200 - DataAggregator - INFO - Writing results to trades_aggregate.csv...
2023-11-19 23:04:28,200 - DataAggregator - INFO - Writing results to trades_aggregate.csv...
2023-11-19 23:04:28,207 - DataAggregator - INFO - Done writing results to file.
2023-11-19 23:04:28,207 - DataAggregator - INFO - Done writing results to file.
2023-11-19 23:04:28,208 - DataAggregator - INFO - Writing results to quotes_aggregate.csv...
2023-11-19 23:04:28,208 - DataAggregator - INFO - Writing results to quotes_aggregate.csv...
2023-11-19 23:04:28,213 - DataAggregator - INFO - Done writing results to file.
2023-11-19 23:04:28,213 - DataAggregator - INFO - Done writing results to file.
2023-11-19 23:08:48,859 - DataAggregator - INFO - Calculating liquidity flow data...
2023-11-19 23:08:48,859 - DataAggregator - INFO - Calculating liquidity flow data...
2023-11-19 23:08:48,859 - DataAggregator - INFO - Calculating liquidity flow data...
2023-11-19 23:08:48,894 - DataAggregator - INFO - Writing results to trades_aggregate.csv...
2023-11-19 23:08:48,894 - DataAggregator - INFO - Writing results to trades_aggregate.csv...
2023-11-19 23:08:48,894 - DataAggregator - INFO - Writing results to trades_aggregate.csv...
2023-11-19 23:08:48,894 - DataAggregator - INFO - Writing results to trades_aggregate.csv...
2023-11-19 23:08:48,898 - DataAggregator - INFO - Done writing results to file.
2023-11-19 23:08:48,898 - DataAggregator - INFO - Done writing results to file.
2023-11-19 23:08:48,898 - DataAggregator - INFO - Done writing results to file.
2023-11-19 23:08:48,898 - DataAggregator - INFO - Done writing results to file.
2023-11-19 23:08:48,899 - DataAggregator - INFO - Writing results to quotes_aggregate.csv...
2023-11-19 23:08:48,899 - DataAggregator - INFO - Writing results to quotes_aggregate.csv...
2023-11-19 23:08:48,899 - DataAggregator - INFO - Writing results to quotes_aggregate.csv...
2023-11-19 23:08:48,899 - DataAggregator - INFO - Writing results to quotes_aggregate.csv...
2023-11-19 23:08:48,905 - DataAggregator - INFO - Done writing results to file.
2023-11-19 23:08:48,905 - DataAggregator - INFO - Done writing results to file.
2023-11-19 23:08:48,905 - DataAggregator - INFO - Done writing results to file.
2023-11-19 23:08:48,905 - DataAggregator - INFO - Done writing results to file.
2023-11-19 23:10:40,206 - DataAggregator - INFO - Calculating liquidity flow data...
2023-11-19 23:10:40,206 - DataAggregator - INFO - Calculating liquidity flow data...
2023-11-19 23:10:40,206 - DataAggregator - INFO - Calculating liquidity flow data...
2023-11-19 23:10:40,206 - DataAggregator - INFO - Calculating liquidity flow data...
2023-11-19 23:10:40,206 - DataAggregator - INFO - Calculating liquidity flow data...
2023-11-19 23:10:40,235 - DataAggregator - INFO - Writing results to trades_aggregate.csv...
2023-11-19 23:10:40,235 - DataAggregator - INFO - Writing results to trades_aggregate.csv...
2023-11-19 23:10:40,235 - DataAggregator - INFO - Writing results to trades_aggregate.csv...
2023-11-19 23:10:40,235 - DataAggregator - INFO - Writing results to trades_aggregate.csv...
2023-11-19 23:10:40,235 - DataAggregator - INFO - Writing results to trades_aggregate.csv...
2023-11-19 23:10:40,235 - DataAggregator - INFO - Writing results to trades_aggregate.csv...
2023-11-19 23:10:40,239 - DataAggregator - INFO - Done writing results to file.
2023-11-19 23:10:40,239 - DataAggregator - INFO - Done writing results to file.
2023-11-19 23:10:40,239 - DataAggregator - INFO - Done writing results to file.
2023-11-19 23:10:40,239 - DataAggregator - INFO - Done writing results to file.
2023-11-19 23:10:40,239 - DataAggregator - INFO - Done writing results to file.
2023-11-19 23:10:40,239 - DataAggregator - INFO - Done writing results to file.
2023-11-19 23:10:40,240 - DataAggregator - INFO - Writing results to quotes_aggregate.csv...
2023-11-19 23:10:40,240 - DataAggregator - INFO - Writing results to quotes_aggregate.csv...
2023-11-19 23:10:40,240 - DataAggregator - INFO - Writing results to quotes_aggregate.csv...
2023-11-19 23:10:40,240 - DataAggregator - INFO - Writing results to quotes_aggregate.csv...
2023-11-19 23:10:40,240 - DataAggregator - INFO - Writing results to quotes_aggregate.csv...
2023-11-19 23:10:40,240 - DataAggregator - INFO - Writing results to quotes_aggregate.csv...
2023-11-19 23:10:40,244 - DataAggregator - INFO - Done writing results to file.
2023-11-19 23:10:40,244 - DataAggregator - INFO - Done writing results to file.
2023-11-19 23:10:40,244 - DataAggregator - INFO - Done writing results to file.
2023-11-19 23:10:40,244 - DataAggregator - INFO - Done writing results to file.
2023-11-19 23:10:40,244 - DataAggregator - INFO - Done writing results to file.
2023-11-19 23:10:40,244 - DataAggregator - INFO - Done writing results to file.
2023-11-19 23:29:10,837 - DataAggregator - INFO - Calculating liquidity flow data...
2023-11-19 23:29:10,865 - DataAggregator - INFO - Writing results to trades_aggregate.csv...
2023-11-19 23:29:10,865 - DataAggregator - INFO - Writing results to trades_aggregate.csv...
2023-11-19 23:29:10,869 - DataAggregator - INFO - Done writing results to file.
2023-11-19 23:29:10,869 - DataAggregator - INFO - Done writing results to file.
2023-11-19 23:29:10,869 - DataAggregator - INFO - Writing results to quotes_aggregate.csv...
2023-11-19 23:29:10,869 - DataAggregator - INFO - Writing results to quotes_aggregate.csv...
2023-11-19 23:29:10,872 - DataAggregator - INFO - Done writing results to file.
2023-11-19 23:29:10,872 - DataAggregator - INFO - Done writing results to file.
2023-11-19 23:40:41,628 - DataAggregator - INFO - Calculating liquidity flow data...
2023-11-19 23:40:41,663 - DataAggregator - INFO - Writing results to output/task1/aggregation/trades_aggregate.csv...
2023-11-19 23:40:41,663 - DataAggregator - INFO - Writing results to output/task1/aggregation/trades_aggregate.csv...
2023-11-19 23:40:58,098 - DataAggregator - INFO - Calculating liquidity flow data...
2023-11-19 23:40:58,128 - DataAggregator - INFO - Writing results to output/task_1/aggregation/trades_aggregate.csv...
2023-11-19 23:40:58,128 - DataAggregator - INFO - Writing results to output/task_1/aggregation/trades_aggregate.csv...
2023-11-19 23:40:58,132 - DataAggregator - INFO - Done writing results to file.
2023-11-19 23:40:58,132 - DataAggregator - INFO - Done writing results to file.
2023-11-19 23:40:58,132 - DataAggregator - INFO - Writing results to output/task_1/aggregation/quotes_aggregate.csv...
2023-11-19 23:40:58,132 - DataAggregator - INFO - Writing results to output/task_1/aggregation/quotes_aggregate.csv...
2023-11-19 23:40:58,134 - DataAggregator - INFO - Done writing results to file.
2023-11-19 23:40:58,134 - DataAggregator - INFO - Done writing results to file.
2023-11-20 09:54:40,139 - DataAggregator - INFO - Calculating liquidity flow data...
2023-11-20 09:54:40,201 - DataAggregator - INFO - Writing results to output/task_1/aggregation/trades_aggregate.csv...
2023-11-20 09:54:40,201 - DataAggregator - INFO - Writing results to output/task_1/aggregation/trades_aggregate.csv...
2023-11-20 09:54:40,208 - DataAggregator - INFO - Done writing results to file.
2023-11-20 09:54:40,208 - DataAggregator - INFO - Done writing results to file.
2023-11-20 09:54:40,208 - DataAggregator - INFO - Writing results to output/task_1/aggregation/quotes_aggregate.csv...
2023-11-20 09:54:40,208 - DataAggregator - INFO - Writing results to output/task_1/aggregation/quotes_aggregate.csv...
2023-11-20 09:54:40,213 - DataAggregator - INFO - Done writing results to file.
2023-11-20 09:54:40,213 - DataAggregator - INFO - Done writing results to file.
